Removed Pin From Net: NetName=SGND Pin=LED1-2
Removed Pin From Net: NetName=NetESP1_12 Pin=LED2-2
Removed Pin From Net: NetName=NetCx6_2 Pin=R7-1
Removed Member From Class: ClassName=SIM Member=4
Removed Member From Class: ClassName=SIM Member=LED1
Removed Member From Class: ClassName=MCU Member=LED2
Removed Member From Class: ClassName=MCU Member=R7
Change Component Footprint: Designator=LED1 Old Footprint=LED 3512 New Footprint=LedC
Change Component Footprint: Designator=LED3 Old Footprint=LED-0805-Green New Footprint=LED-3MM-GREEN
Change Component Comment : Designator=LED1 Old Comment=LED New Comment=LED3
Change component parameters: Designator = "LED1" ("LED1"); Footprint = "LED 3512"; UniqueID = "\VDMMDUIO" ("\VDMMDUIO")
Change component parameters: Designator = "LED3" ("LED3"); Footprint = "LED-0805-Green"; UniqueID = "\DAOLAWEL" ("\DAOLAWEL")
Change component parameters (AddParameter): Name = "Value"; Value = "LED 3 ly Single Colour"; VariantName = "[No Variations]"
Added Component: Designator=R3(RES-SMD-0603_BIG)
Added Component: Designator=R4(RES-SMD-0603_BIG)
Added Pin To Net: NetName=NetESP1_12 Pin=LED1-2
Added Pin To Net: NetName=SGND Pin=LED1-4
Added Pin To Net: NetName=NetCx6_2 Pin=R4-2
Change Net Name : Old Net Name=NetC3_1 New Net Name=V_ESP
Added Pin To Net: NetName=NetLED1_1 Pin=LED1-1
Added Pin To Net: NetName=NetLED1_1 Pin=R4-1
Added Net: Name=NetLED1_1
Added Pin To Net: NetName=NetLED1_3 Pin=LED1-3
Added Pin To Net: NetName=NetLED1_3 Pin=R3-1
Added Net: Name=NetLED1_3
Added Pin To Net: NetName=NetR3_2 Pin=R3-2
Added Pin To Net: NetName=NetR3_2 Pin=U2-41
Added Net: Name=NetR3_2
Added Member To Class: ClassName=Sheet1 Member=Component LED1 LED3
Added Member To Class: ClassName=Sheet1 Member=Component R3 R
Added Member To Class: ClassName=Sheet1 Member=Component R4 R
